<?xml version="1.0" encoding="UTF-8"?>
<!-- Generated by org.testng.reporters.JUnitReportReporter -->
<testsuite hostname="AP-PC1QD26T" failures="0" tests="1" name="scripts.ValidLogin" time="11.148" errors="0" timestamp="2021-12-24T07:57:10 IST" skipped="0">
  <testcase classname="scripts.ValidLogin" name="testValidLogin" time="11.148"/>
  <system-out/>
</testsuite> <!-- scripts.ValidLogin -->
