<?xml version="1.0" encoding="UTF-8"?>
<!-- Generated by org.testng.reporters.JUnitReportReporter -->
<testsuite hostname="AP-PC1QD26T" failures="0" tests="1" name="scripts.InvalidLogin" time="9.433" errors="0" timestamp="2021-12-24T07:57:10 IST" skipped="0">
  <testcase classname="scripts.InvalidLogin" name="testInvalidLogin" time="9.433"/>
  <system-out/>
</testsuite> <!-- scripts.InvalidLogin -->
